Tourlänge: 2753.696953
270.000000 133.000000
260.000000 129.000000
252.000000 125.000000
260.000000 109.000000
252.000000 101.000000
236.000000 101.000000
236.000000 93.000000
236.000000 85.000000
236.000000 77.000000
228.000000 77.000000
228.000000 85.000000
228.000000 93.000000
228.000000 101.000000
228.000000 109.000000
228.000000 117.000000
228.000000 125.000000
220.000000 125.000000
212.000000 117.000000
204.000000 109.000000
196.000000 101.000000
188.000000 93.000000
180.000000 93.000000
180.000000 85.000000
172.000000 85.000000
172.000000 93.000000
172.000000 101.000000
180.000000 101.000000
180.000000 109.000000
172.000000 109.000000
172.000000 117.000000
180.000000 117.000000
180.000000 125.000000
172.000000 125.000000
164.000000 137.000000
164.000000 145.000000
172.000000 145.000000
188.000000 145.000000
196.000000 161.000000
196.000000 169.000000
204.000000 169.000000
212.000000 169.000000
220.000000 169.000000
228.000000 145.000000
236.000000 145.000000
246.000000 141.000000
256.000000 141.000000
256.000000 157.000000
246.000000 157.000000
236.000000 169.000000
228.000000 169.000000
228.000000 161.000000
220.000000 145.000000
212.000000 145.000000
204.000000 145.000000
196.000000 145.000000
188.000000 169.000000
172.000000 169.000000
164.000000 169.000000
156.000000 169.000000
148.000000 169.000000
140.000000 169.000000
132.000000 169.000000
124.000000 169.000000
104.000000 169.000000
90.000000 165.000000
80.000000 157.000000
64.000000 157.000000
64.000000 165.000000
56.000000 169.000000
40.000000 169.000000
32.000000 169.000000
32.000000 161.000000
32.000000 153.000000
32.000000 145.000000
32.000000 137.000000
32.000000 129.000000
32.000000 121.000000
32.000000 113.000000
40.000000 113.000000
40.000000 121.000000
40.000000 129.000000
40.000000 137.000000
40.000000 145.000000
40.000000 153.000000
40.000000 161.000000
56.000000 161.000000
56.000000 153.000000
56.000000 145.000000
56.000000 137.000000
56.000000 129.000000
56.000000 121.000000
56.000000 113.000000
56.000000 105.000000
56.000000 97.000000
56.000000 89.000000
56.000000 81.000000
56.000000 73.000000
56.000000 65.000000
56.000000 57.000000
56.000000 49.000000
72.000000 49.000000
72.000000 41.000000
80.000000 41.000000
88.000000 49.000000
104.000000 49.000000
104.000000 41.000000
104.000000 33.000000
104.000000 25.000000
80.000000 25.000000
80.000000 25.000000
72.000000 25.000000
56.000000 25.000000
56.000000 33.000000
56.000000 41.000000
64.000000 41.000000
64.000000 21.000000
56.000000 17.000000
44.000000 27.000000
44.000000 35.000000
44.000000 43.000000
48.000000 51.000000
48.000000 63.000000
48.000000 73.000000
40.000000 73.000000
40.000000 63.000000
40.000000 51.000000
32.000000 41.000000
24.000000 45.000000
16.000000 57.000000
8.000000 57.000000
8.000000 65.000000
8.000000 73.000000
8.000000 81.000000
8.000000 89.000000
8.000000 97.000000
8.000000 109.000000
16.000000 109.000000
16.000000 97.000000
24.000000 89.000000
32.000000 89.000000
32.000000 97.000000
40.000000 99.000000
48.000000 99.000000
48.000000 83.000000
40.000000 83.000000
32.000000 81.000000
32.000000 73.000000
32.000000 65.000000
32.000000 57.000000
32.000000 49.000000
8.000000 49.000000
8.000000 41.000000
16.000000 25.000000
16.000000 17.000000
24.000000 17.000000
24.000000 25.000000
32.000000 25.000000
32.000000 17.000000
44.000000 11.000000
56.000000 9.000000
72.000000 9.000000
80.000000 9.000000
92.000000 9.000000
104.000000 17.000000
120.000000 9.000000
128.000000 9.000000
136.000000 9.000000
148.000000 9.000000
162.000000 9.000000
172.000000 21.000000
180.000000 21.000000
180.000000 29.000000
180.000000 37.000000
172.000000 37.000000
172.000000 29.000000
156.000000 25.000000
132.000000 21.000000
124.000000 21.000000
124.000000 29.000000
124.000000 37.000000
124.000000 45.000000
124.000000 53.000000
104.000000 57.000000
104.000000 65.000000
104.000000 73.000000
104.000000 81.000000
104.000000 89.000000
104.000000 97.000000
104.000000 105.000000
104.000000 113.000000
104.000000 121.000000
104.000000 129.000000
104.000000 137.000000
104.000000 145.000000
104.000000 153.000000
104.000000 161.000000
116.000000 161.000000
116.000000 145.000000
124.000000 145.000000
132.000000 145.000000
140.000000 145.000000
148.000000 145.000000
156.000000 145.000000
156.000000 137.000000
148.000000 137.000000
140.000000 137.000000
132.000000 137.000000
124.000000 125.000000
124.000000 117.000000
124.000000 109.000000
124.000000 101.000000
124.000000 93.000000
124.000000 85.000000
132.000000 81.000000
140.000000 65.000000
132.000000 61.000000
124.000000 61.000000
124.000000 69.000000
124.000000 77.000000
148.000000 85.000000
164.000000 81.000000
172.000000 77.000000
180.000000 77.000000
180.000000 69.000000
172.000000 69.000000
172.000000 61.000000
180.000000 61.000000
180.000000 53.000000
172.000000 53.000000
172.000000 45.000000
180.000000 45.000000
188.000000 41.000000
196.000000 49.000000
204.000000 57.000000
212.000000 65.000000
220.000000 73.000000
228.000000 69.000000
236.000000 69.000000
236.000000 61.000000
228.000000 61.000000
228.000000 53.000000
236.000000 53.000000
236.000000 45.000000
228.000000 45.000000
228.000000 37.000000
236.000000 37.000000
236.000000 29.000000
228.000000 29.000000
228.000000 21.000000
236.000000 21.000000
252.000000 21.000000
260.000000 29.000000
260.000000 37.000000
260.000000 45.000000
260.000000 53.000000
260.000000 61.000000
260.000000 69.000000
260.000000 77.000000
260.000000 85.000000
260.000000 93.000000
268.000000 97.000000
276.000000 101.000000
284.000000 101.000000
284.000000 93.000000
284.000000 85.000000
284.000000 77.000000
284.000000 69.000000
284.000000 61.000000
284.000000 53.000000
276.000000 53.000000
276.000000 61.000000
276.000000 69.000000
276.000000 77.000000
276.000000 85.000000
276.000000 93.000000
280.000000 109.000000
288.000000 109.000000
288.000000 129.000000
280.000000 133.000000
288.000000 149.000000
