Tourlänge: 7365.270508
6.925224 23.874924
40.097903 187.237543
84.513384 183.326074
97.936350 211.091093
169.838986 245.610343
194.013148 263.479132
177.020700 295.604477
89.044704 277.115839
75.493493 312.917538
29.517699 330.038231
32.082597 345.855101
40.525386 424.682962
129.334974 435.669274
145.899939 399.525588
116.211247 363.574270
77.716405 354.383386
27.658148 424.768458
32.168094 448.899872
30.265795 450.075450
24.216911 500.347448
16.928326 656.571101
21.716135 660.974176
51.682692 676.042951
133.695300 677.175781
220.046861 623.077810
252.749309 535.743039
252.428697 535.165936
213.570494 525.868182
169.219136 547.819433
140.470906 513.556672
206.046794 437.763941
259.717282 454.649518
280.578451 458.753355
342.948217 492.332142
415.043220 479.080170
448.579260 532.793406
454.008294 537.217855
478.054211 509.645203
503.788686 514.689502
489.275639 665.313128
335.980244 660.632190
295.925089 664.629155
288.486886 667.728407
265.445553 684.998719
209.188794 691.026229
193.692536 680.232284
201.152114 649.026027
319.885510 626.839660
361.223114 564.234779
456.316702 597.193716
662.855101 549.230126
692.137685 543.801093
683.267413 414.209629
678.757468 410.725642
614.592273 418.869193
598.347920 446.869328
543.010249 481.516823
535.251433 471.064864
509.709325 435.797519
526.167420 409.485942
519.947543 347.971142
470.680130 309.625919
453.388443 282.908233
504.515407 240.886656
503.874183 172.874115
521.165869 132.861709
484.359585 49.246039
426.350145 61.728542
415.192840 78.913357
434.344077 92.699683
450.289192 126.385342
399.675208 156.843504
399.525588 170.822197
403.287439 205.897175
416.154676 227.613310
397.644663 262.816533
441.782281 299.772436
469.290810 281.989145
554.253051 279.424247
568.573731 287.097566
698.785045 348.441373
687.285753 373.534624
676.342189 371.097971
599.053267 361.094869
567.633268 352.716203
561.477514 357.354393
572.763064 373.320882
571.737105 375.757535
444.047940 384.649181
417.800486 341.259659
370.478120 332.539006
296.972423 313.131279
282.608995 329.418381
264.355472 377.574338
263.650125 426.585261
240.523296 430.603601
220.004113 409.122581
224.107950 358.487223
248.217989 343.952802
269.463893 295.946464
196.684917 221.820916
91.053874 148.721327
42.855168 63.823208
63.417099 23.703931
84.492010 31.847482
143.826647 92.699683
178.110782 104.690581
214.575079 43.646012
238.685119 33.493291
334.590925 161.780932
370.755984 151.906075
384.927045 87.463017
355.152856 76.391208
316.572517 65.640011
268.395186 52.901018
280.749444 5.920639
311.613715 2.009170
488.890904 3.612231
637.719102 54.204841
638.488572 62.626256
603.285349 134.400647
575.840942 141.967096
530.484998 183.839053
525.098712 213.506372
526.894141 215.707909
566.564561 199.955162
635.538939 200.981121
689.807903 167.594700
657.019959 39.777291
688.461331 0.470231
