Tourlänge: 28421.204198
3955.000000 1743.000000
3911.000000 1673.000000
3683.000000 1533.000000
3510.000000 1671.000000
3373.000000 1646.000000
3384.000000 1498.000000
3520.000000 1079.000000
3756.000000 882.000000
3913.000000 192.000000
3815.000000 169.000000
3479.000000 821.000000
3113.000000 885.000000
2991.000000 792.000000
2863.000000 558.000000
2936.000000 337.000000
2848.000000 96.000000
2519.000000 135.000000
2573.000000 599.000000
2599.000000 901.000000
2574.000000 946.000000
2421.000000 1007.000000
2482.000000 1183.000000
2586.000000 1286.000000
2716.000000 1432.000000
2945.000000 1622.000000
2961.000000 1605.000000
3085.000000 1528.000000
3447.000000 1830.000000
3950.000000 1558.000000
3874.000000 1318.000000
3854.000000 923.000000
3822.000000 899.000000
3888.000000 666.000000
3875.000000 598.000000
3893.000000 102.000000
3640.000000 43.000000
3416.000000 143.000000
3022.000000 474.000000
2588.000000 302.000000
2542.000000 236.000000
1323.000000 280.000000
1286.000000 525.000000
1187.000000 706.000000
839.000000 620.000000
611.000000 673.000000
376.000000 825.000000
378.000000 1048.000000
611.000000 1384.000000
738.000000 1325.000000
742.000000 1025.000000
938.000000 955.000000
984.000000 965.000000
1115.000000 1052.000000
1380.000000 939.000000
1795.000000 962.000000
1917.000000 687.000000
1429.000000 134.000000
1256.000000 61.000000
1178.000000 100.000000
953.000000 268.000000
776.000000 392.000000
457.000000 334.000000
123.000000 862.000000
161.000000 906.000000
252.000000 1240.000000
274.000000 1420.000000
298.000000 1513.000000
463.000000 1670.000000
872.000000 1559.000000
928.000000 1700.000000
929.000000 1766.000000
1251.000000 1832.000000
1424.000000 1728.000000
1393.000000 1368.000000
1787.000000 1009.000000
2097.000000 981.000000
2178.000000 1619.000000
2597.000000 1830.000000
2728.000000 1698.000000
2721.000000 1482.000000
2628.000000 1479.000000
2576.000000 1676.000000
2678.000000 1825.000000
2573.000000 1969.000000
2290.000000 1810.000000
2139.000000 1806.000000
1807.000000 1711.000000
1724.000000 1642.000000
1625.000000 1651.000000
1621.000000 1830.000000
1247.000000 1945.000000
1234.000000 1946.000000
890.000000 1846.000000
198.000000 1810.000000
22.000000 987.000000
53.000000 857.000000
19.000000 674.000000
241.000000 341.000000
327.000000 265.000000
178.000000 24.000000
