Tourlänge: 31214.645516
29.000000 6.000000
48.000000 267.000000
14.000000 454.000000
40.000000 462.000000
99.000000 536.000000
96.000000 691.000000
219.000000 898.000000
192.000000 1004.000000
86.000000 1065.000000
78.000000 1066.000000
138.000000 1610.000000
323.000000 1714.000000
457.000000 1607.000000
482.000000 1337.000000
397.000000 1217.000000
234.000000 1118.000000
144.000000 1185.000000
106.000000 1267.000000
185.000000 1542.000000
22.000000 1617.000000
43.000000 1957.000000
618.000000 1953.000000
705.000000 1812.000000
958.000000 1670.000000
901.000000 1552.000000
1183.000000 1391.000000
1362.000000 1526.000000
1533.000000 1780.000000
1357.000000 1905.000000
1327.000000 1893.000000
989.000000 1997.000000
554.000000 1825.000000
571.000000 1711.000000
678.000000 1599.000000
693.000000 1383.000000
737.000000 1285.000000
826.000000 1226.000000
1027.000000 1041.000000
868.000000 731.000000
878.000000 715.000000
1097.000000 643.000000
1544.000000 863.000000
1668.000000 658.000000
1410.000000 307.000000
923.000000 108.000000
812.000000 351.000000
1000.000000 457.000000
1031.000000 428.000000
1058.000000 372.000000
960.000000 303.000000
913.000000 317.000000
805.000000 272.000000
721.000000 186.000000
640.000000 110.000000
213.000000 220.000000
242.000000 584.000000
201.000000 693.000000
396.000000 828.000000
765.000000 833.000000
779.000000 777.000000
781.000000 671.000000
834.000000 629.000000
1086.000000 868.000000
1307.000000 964.000000
1398.000000 1100.000000
1660.000000 1556.000000
1838.000000 1732.000000
2164.000000 1874.000000
2312.000000 1949.000000
2552.000000 1909.000000
3105.000000 1823.000000
3092.000000 1668.000000
3098.000000 1594.000000
3078.000000 1541.000000
2933.000000 1459.000000
2835.000000 1472.000000
2513.000000 1572.000000
2433.000000 1538.000000
2232.000000 1374.000000
2243.000000 1332.000000
2302.000000 1127.000000
2178.000000 978.000000
2081.000000 1011.000000
1937.000000 1400.000000
2053.000000 1461.000000
2048.000000 1628.000000
2082.000000 1753.000000
2318.000000 1925.000000
2469.000000 1838.000000
2365.000000 1649.000000
2502.000000 1274.000000
2643.000000 1320.000000
2687.000000 1353.000000
2773.000000 1286.000000
2650.000000 802.000000
2636.000000 727.000000
2576.000000 189.000000
2502.000000 146.000000
2221.000000 291.000000
1878.000000 59.000000
1779.000000 90.000000
1774.000000 107.000000
1868.000000 197.000000
2049.000000 417.000000
2361.000000 640.000000
2499.000000 658.000000
2781.000000 478.000000
2779.000000 435.000000
2977.000000 39.000000
3048.000000 1.000000
3431.000000 78.000000
3564.000000 676.000000
3393.000000 782.000000
3124.000000 408.000000
2990.000000 214.000000
3019.000000 189.000000
3035.000000 152.000000
3099.000000 173.000000
3230.000000 380.000000
3249.000000 378.000000
3297.000000 491.000000
3278.000000 799.000000
3394.000000 1028.000000
3479.000000 1023.000000
3646.000000 1018.000000
3704.000000 1082.000000
3635.000000 1174.000000
3423.000000 1241.000000
3213.000000 1085.000000
3174.000000 1064.000000
3061.000000 1211.000000
3239.000000 1376.000000
3364.000000 1498.000000
3736.000000 1542.000000
3853.000000 1712.000000
3586.000000 1909.000000
3499.000000 1885.000000
3409.000000 1917.000000
3314.000000 1881.000000
3359.000000 1693.000000
3551.000000 1673.000000
3702.000000 1624.000000
3796.000000 1401.000000
3808.000000 1375.000000
3729.000000 1188.000000
3825.000000 1101.000000
3835.000000 963.000000
3803.000000 886.000000
3806.000000 746.000000
3939.000000 640.000000
