Tourlänge: 140123.025684
3194.000000 5840.000000
3255.000000 5840.000000
3266.000000 5874.000000
3159.000000 5921.000000
3157.000000 5987.000000
3057.000000 6012.000000
3045.000000 6035.000000
3063.000000 6054.000000
3058.000000 6070.000000
3021.000000 6137.000000
2945.000000 6284.000000
2930.000000 6328.000000
2959.000000 6385.000000
3004.000000 6394.000000
3018.000000 6382.000000
3057.000000 6351.000000
3140.000000 6372.000000
3143.000000 6440.000000
3116.000000 6445.000000
3102.000000 6459.000000
3065.000000 6534.000000
3046.000000 6527.000000
3025.000000 6547.000000
3026.000000 6604.000000
3036.000000 6669.000000
3096.000000 6686.000000
3155.000000 6692.000000
3208.000000 6743.000000
3241.000000 6806.000000
3231.000000 6833.000000
3208.000000 6860.000000
3358.000000 7024.000000
3421.000000 6973.000000
3404.000000 6950.000000
3388.000000 6951.000000
3340.000000 6908.000000
3351.000000 6889.000000
3435.000000 6929.000000
3466.000000 6952.000000
3510.000000 7023.000000
3685.000000 7245.000000
3779.000000 7308.000000
3773.000000 7368.000000
3901.000000 7435.000000
4068.000000 7508.000000
4127.000000 7522.000000
4337.000000 7665.000000
4454.000000 7690.000000
4647.000000 7883.000000
4629.000000 8024.000000
4597.000000 8040.000000
4171.000000 7964.000000
4038.000000 7945.000000
3937.000000 7926.000000
3763.000000 7856.000000
3660.000000 7825.000000
3574.000000 7773.000000
3492.000000 7720.000000
2995.000000 7425.000000
3042.000000 7212.000000
3068.000000 7146.000000
3086.000000 7082.000000
3048.000000 6886.000000
3052.000000 6753.000000
3145.000000 6750.000000
3182.000000 6810.000000
3167.000000 6844.000000
3203.000000 6930.000000
3227.000000 6951.000000
3262.000000 6982.000000
3253.000000 7013.000000
3406.000000 7166.000000
3454.000000 7220.000000
3512.000000 7275.000000
3530.000000 7286.000000
3610.000000 7221.000000
3520.000000 7107.000000
3508.000000 7090.000000
3452.000000 7060.000000
3427.000000 7021.000000
3452.000000 7003.000000
3517.000000 7048.000000
3563.000000 7097.000000
3607.000000 7151.000000
3652.000000 7207.000000
3819.000000 7327.000000
3892.000000 7354.000000
3922.000000 7358.000000
3941.000000 7243.000000
4054.000000 7240.000000
4097.000000 7278.000000
4170.000000 7348.000000
4341.000000 7482.000000
4366.000000 7461.000000
4329.000000 7388.000000
4123.000000 7222.000000
4059.000000 7190.000000
4006.000000 7146.000000
3975.000000 7136.000000
3897.000000 7098.000000
3868.000000 7089.000000
3848.000000 7062.000000
3666.000000 6945.000000
3610.000000 6945.000000
3568.000000 6921.000000
3516.000000 6977.000000
3526.000000 6992.000000
3577.000000 7041.000000
3630.000000 7103.000000
3678.000000 7181.000000
3833.000000 7286.000000
3887.000000 7409.000000
3959.000000 7453.000000
4038.000000 7486.000000
4183.000000 7517.000000
4210.000000 7532.000000
4279.000000 7610.000000
4137.000000 7763.000000
4047.000000 7717.000000
3875.000000 7678.000000
3739.000000 7546.000000
3758.000000 7507.000000
3812.000000 7509.000000
3910.000000 7590.000000
3945.000000 7612.000000
4052.000000 7661.000000
4220.000000 7736.000000
4223.000000 7817.000000
4143.000000 7862.000000
3995.000000 7808.000000
3951.000000 7782.000000
3900.000000 7753.000000
3836.000000 7747.000000
3773.000000 7642.000000
3776.000000 7638.000000
3817.000000 7647.000000
4032.000000 7316.000000
3999.000000 7292.000000
3819.000000 7209.000000
3797.000000 7188.000000
3709.000000 7044.000000
3601.000000 6970.000000
3457.000000 6936.000000
3456.000000 6923.000000
3382.000000 6860.000000
3369.000000 6835.000000
3264.000000 6735.000000
3135.000000 6650.000000
3139.000000 6528.000000
3186.000000 6469.000000
3276.000000 6459.000000
3292.000000 6452.000000
3310.000000 6490.000000
3281.000000 6521.000000
3258.000000 6503.000000
3124.000000 6563.000000
3095.000000 6567.000000
3052.000000 6596.000000
3002.000000 6598.000000
3001.000000 6577.000000
2981.000000 6576.000000
2965.000000 6602.000000
3010.000000 6643.000000
3009.000000 6657.000000
2973.000000 6671.000000
2926.000000 6609.000000
2925.000000 6597.000000
2918.000000 6528.000000
2941.000000 6456.000000
3014.000000 6478.000000
3048.000000 6488.000000
3068.000000 6450.000000
3093.000000 6414.000000
3171.000000 6372.000000
3212.000000 6360.000000
3259.000000 6332.000000
3289.000000 6203.000000
3288.000000 6170.000000
3267.000000 6133.000000
3216.000000 6115.000000
3148.000000 6097.000000
3128.000000 6113.000000
3079.000000 6259.000000
3099.000000 6275.000000
3076.000000 6326.000000
3082.000000 6348.000000
3020.000000 6429.000000
2965.000000 6450.000000
2950.000000 6480.000000
2948.000000 6513.000000
2934.000000 6545.000000
2947.000000 6663.000000
3068.000000 6788.000000
3045.000000 6846.000000
2951.000000 7293.000000
2968.000000 7322.000000
2938.000000 7412.000000
2983.000000 7487.000000
3228.000000 7468.000000
3275.000000 7480.000000
3341.000000 7490.000000
3359.000000 7454.000000
3253.000000 7334.000000
3225.000000 7283.000000
3183.000000 7202.000000
3214.000000 7119.000000
3217.000000 7074.000000
3148.000000 6902.000000
3097.000000 6766.000000
3087.000000 6768.000000
3104.000000 6870.000000
3107.000000 6900.000000
3101.000000 7028.000000
3124.000000 7075.000000
3143.000000 7104.000000
3062.000000 7227.000000
3115.000000 7272.000000
3188.000000 7304.000000
3247.000000 7384.000000
3206.000000 7425.000000
3148.000000 7403.000000
3056.000000 7378.000000
3038.000000 7183.000000
3093.000000 7177.000000
3117.000000 7239.000000
3240.000000 7257.000000
3269.000000 7278.000000
3253.000000 7451.000000
3145.000000 7447.000000
3103.000000 7463.000000
3026.000000 7421.000000
3055.000000 7323.000000
3038.000000 7291.000000
3007.000000 7303.000000
2948.000000 7456.000000
3046.000000 7502.000000
3652.000000 7853.000000
3984.000000 7985.000000
4129.000000 8025.000000
4555.000000 8101.000000
4584.000000 8095.000000
4714.000000 8093.000000
4739.000000 8087.000000
4778.000000 8065.000000
4982.000000 8073.000000
4996.000000 8017.000000
4997.000000 7983.000000
4906.000000 7907.000000
4885.000000 7863.000000
4741.000000 7766.000000
4669.000000 7717.000000
4611.000000 7630.000000
4598.000000 7614.000000
4594.000000 7549.000000
4613.000000 7451.000000
4408.000000 7239.000000
4375.000000 7229.000000
4263.000000 7167.000000
4214.000000 7147.000000
4177.000000 7111.000000
4055.000000 7044.000000
3973.000000 6997.000000
3952.000000 6975.000000
3909.000000 6948.000000
3883.000000 6936.000000
3800.000000 6879.000000
3611.000000 6764.000000
3564.000000 6757.000000
3544.000000 6762.000000
3486.000000 6710.000000
3302.000000 6572.000000
3296.000000 6512.000000
3366.000000 6501.000000
3422.000000 6535.000000
3478.000000 6451.000000
3459.000000 6310.000000
3536.000000 6267.000000
3557.000000 6279.000000
3642.000000 6330.000000
3912.000000 6441.000000
4005.000000 6480.000000
4142.000000 6528.000000
4303.000000 6402.000000
4285.000000 6376.000000
4257.000000 6387.000000
4007.000000 6288.000000
3908.000000 6247.000000
3845.000000 6241.000000
3743.000000 6208.000000
3575.000000 6159.000000
3503.000000 6124.000000
3482.000000 6101.000000
3453.000000 6103.000000
3406.000000 6080.000000
3145.000000 5877.000000
3029.000000 5998.000000
3029.000000 6048.000000
2969.000000 6212.000000
2927.000000 6312.000000
2950.000000 6350.000000
2982.000000 6333.000000
3048.000000 6270.000000
3036.000000 6232.000000
3064.000000 6217.000000
3141.000000 6324.000000
3182.000000 6331.000000
3220.000000 6396.000000
3205.000000 6412.000000
3234.000000 6449.000000
3310.000000 6391.000000
3375.000000 6450.000000
3419.000000 6479.000000
3530.000000 6557.000000
3522.000000 6645.000000
3496.000000 6650.000000
3400.000000 6586.000000
3245.000000 6479.000000
3218.000000 6482.000000
3201.000000 6507.000000
3194.000000 6531.000000
3270.000000 6558.000000
3382.000000 6654.000000
3404.000000 6633.000000
3443.000000 6643.000000
3559.000000 6703.000000
3609.000000 6729.000000
3711.000000 6762.000000
3840.000000 6864.000000
3977.000000 6970.000000
4004.000000 6997.000000
4146.000000 7030.000000
4309.000000 7108.000000
4493.000000 7291.000000
4533.000000 7359.000000
4501.000000 7412.000000
4452.000000 7389.000000
4417.000000 7353.000000
4143.000000 7167.000000
4119.000000 7150.000000
4065.000000 7124.000000
3896.000000 7037.000000
3845.000000 6996.000000
3803.000000 6974.000000
3736.000000 6948.000000
3692.000000 6903.000000
3639.000000 6889.000000
3587.000000 6877.000000
3503.000000 6845.000000
3410.000000 6776.000000
3339.000000 6756.000000
3328.000000 6735.000000
3306.000000 6706.000000
3254.000000 6637.000000
3296.000000 6602.000000
3334.000000 6638.000000
3413.000000 6691.000000
3490.000000 6750.000000
3500.000000 6756.000000
3589.000000 6793.000000
3630.000000 6823.000000
3669.000000 6855.000000
3781.000000 6920.000000
4043.000000 7096.000000
4210.000000 7199.000000
4430.000000 7318.000000
4525.000000 7436.000000
4478.000000 7476.000000
4577.000000 7649.000000
4634.000000 7654.000000
4645.000000 7550.000000
4481.000000 7315.000000
4376.000000 7203.000000
4249.000000 7114.000000
4168.000000 7065.000000
4004.000000 6964.000000
3931.000000 6906.000000
3977.000000 6841.000000
4144.000000 6931.000000
4246.000000 6964.000000
4281.000000 6979.000000
4283.000000 6989.000000
4164.000000 7013.000000
3706.000000 6625.000000
3612.000000 6582.000000
3587.000000 6566.000000
3527.000000 6532.000000
3475.000000 6479.000000
3443.000000 6472.000000
3433.000000 6448.000000
3460.000000 6417.000000
3565.000000 6448.000000
3732.000000 6497.000000
3819.000000 6529.000000
3869.000000 6558.000000
4275.000000 6788.000000
4328.000000 6822.000000
4307.000000 6866.000000
4176.000000 6816.000000
3951.000000 6710.000000
3830.000000 6606.000000
3745.000000 6555.000000
3681.000000 6546.000000
3586.000000 6513.000000
3531.000000 6470.000000
3537.000000 6460.000000
3563.000000 6473.000000
3688.000000 6499.000000
3742.000000 6520.000000
3917.000000 6611.000000
3944.000000 6624.000000
4014.000000 6652.000000
4123.000000 6700.000000
4214.000000 6736.000000
4365.000000 6810.000000
4413.000000 6718.000000
4388.000000 6692.000000
4234.000000 6638.000000
3995.000000 6531.000000
3922.000000 6497.000000
3793.000000 6432.000000
3723.000000 6391.000000
3528.000000 6288.000000
3432.000000 6245.000000
3394.000000 6258.000000
3398.000000 6296.000000
3444.000000 6338.000000
3418.000000 6405.000000
3392.000000 6420.000000
3378.000000 6531.000000
3381.000000 6556.000000
3446.000000 6601.000000
3524.000000 6618.000000
3509.000000 6699.000000
3454.000000 6704.000000
3382.000000 6707.000000
3381.000000 6740.000000
3452.000000 6766.000000
3541.000000 6802.000000
3994.000000 7087.000000
4030.000000 7126.000000
4180.000000 7250.000000
4361.000000 7371.000000
4410.000000 7417.000000
4572.000000 7504.000000
4630.000000 7574.000000
4660.000000 7601.000000
4671.000000 7612.000000
4680.000000 7629.000000
4730.000000 7684.000000
4778.000000 7735.000000
4912.000000 7847.000000
4945.000000 7869.000000
4939.000000 7887.000000
4943.000000 7929.000000
4919.000000 7958.000000
4875.000000 7956.000000
4861.000000 7926.000000
4852.000000 7886.000000
4738.000000 7791.000000
4664.000000 7798.000000
4521.000000 7721.000000
4498.000000 7703.000000
4419.000000 7651.000000
4396.000000 7630.000000
4343.000000 7597.000000
4308.000000 7558.000000
4292.000000 7524.000000
3983.000000 7322.000000
3882.000000 7294.000000
3789.000000 7229.000000
3753.000000 7194.000000
3710.000000 7167.000000
3675.000000 7133.000000
3682.000000 7121.000000
3722.000000 7118.000000
3857.000000 7232.000000
3896.000000 7260.000000
3946.000000 7279.000000
3983.000000 7233.000000
3922.000000 7166.000000
3828.000000 7117.000000
3762.000000 7041.000000
3598.000000 7029.000000
3516.000000 6910.000000
3455.000000 6882.000000
3427.000000 6853.000000
3395.000000 6795.000000
3295.000000 6737.000000
3244.000000 6696.000000
3218.000000 6673.000000
3161.000000 6627.000000
3144.000000 6595.000000
3033.000000 6639.000000
3049.000000 6691.000000
3024.000000 6768.000000
3035.000000 6801.000000
3080.000000 6857.000000
3090.000000 6962.000000
3097.000000 6984.000000
3087.000000 7046.000000
3125.000000 7161.000000
3118.000000 7194.000000
3188.000000 7242.000000
3196.000000 7354.000000
3203.000000 7370.000000
3285.000000 7434.000000
3353.000000 7376.000000
3337.000000 7335.000000
3325.000000 7223.000000
3278.000000 7163.000000
3205.000000 7014.000000
3177.000000 6887.000000
3078.000000 6724.000000
3053.000000 6639.000000
3122.000000 6617.000000
3188.000000 6672.000000
3215.000000 6709.000000
3289.000000 6817.000000
3320.000000 6859.000000
3319.000000 6878.000000
3301.000000 6897.000000
3252.000000 6879.000000
3220.000000 6868.000000
3140.000000 6807.000000
3099.000000 6833.000000
3147.000000 6981.000000
3170.000000 7025.000000
3176.000000 7033.000000
3179.000000 7078.000000
3175.000000 7163.000000
3130.000000 7349.000000
3088.000000 7339.000000
3026.000000 7407.000000
3019.000000 7435.000000
3508.000000 7667.000000
3572.000000 7699.000000
3606.000000 7716.000000
3699.000000 7769.000000
3890.000000 7889.000000
4062.000000 7903.000000
4110.000000 7601.000000
4057.000000 7573.000000
3868.000000 7541.000000
3760.000000 7450.000000
3630.000000 7311.000000
3433.000000 7140.000000
3409.000000 7117.000000
3391.000000 7068.000000
3405.000000 7046.000000
3429.000000 7061.000000
3512.000000 7123.000000
3552.000000 7154.000000
3748.000000 7333.000000
3993.000000 7416.000000
4094.000000 7442.000000
4122.000000 7390.000000
4128.000000 7349.000000
4079.000000 7325.000000
4051.000000 7381.000000
4130.000000 7469.000000
4095.000000 7524.000000
3879.000000 7469.000000
3814.000000 7430.000000
3732.000000 7375.000000
3594.000000 7253.000000
3558.000000 7206.000000
3450.000000 7104.000000
3394.000000 7102.000000
3353.000000 7048.000000
3333.000000 7057.000000
3376.000000 7219.000000
3439.000000 7260.000000
3510.000000 7370.000000
3519.000000 7459.000000
3630.000000 7572.000000
3674.000000 7592.000000
3717.000000 7631.000000
3938.000000 7745.000000
4014.000000 7823.000000
3968.000000 7868.000000
3867.000000 7781.000000
3860.000000 7784.000000
3777.000000 7783.000000
3703.000000 7754.000000
3639.000000 7712.000000
3606.000000 7698.000000
3390.000000 7505.000000
3458.000000 7386.000000
3398.000000 7327.000000
3351.000000 7198.000000
3323.000000 7155.000000
3324.000000 7129.000000
3337.000000 7128.000000
3398.000000 7178.000000
3526.000000 7347.000000
3577.000000 7434.000000
3653.000000 7436.000000
3688.000000 7442.000000
3711.000000 7345.000000
3683.000000 7305.000000
3557.000000 7180.000000
3503.000000 7129.000000
3485.000000 7114.000000
3465.000000 7099.000000
3449.000000 7080.000000
3413.000000 7017.000000
3368.000000 6993.000000
3303.000000 7012.000000
3245.000000 7040.000000
3307.000000 7184.000000
3355.000000 7255.000000
3415.000000 7453.000000
3471.000000 7523.000000
3526.000000 7525.000000
3570.000000 7502.000000
3660.000000 7566.000000
3702.000000 7657.000000
3794.000000 7726.000000
3842.000000 7708.000000
3962.000000 7708.000000
4012.000000 7753.000000
4068.000000 7806.000000
4190.000000 7857.000000
4173.000000 7905.000000
4122.000000 7924.000000
4032.000000 7917.000000
3991.000000 7882.000000
3907.000000 7857.000000
3852.000000 7851.000000
3571.000000 7619.000000
3534.000000 7566.000000
3615.000000 7508.000000
3646.000000 7509.000000
3653.000000 7404.000000
3619.000000 7357.000000
3570.000000 7349.000000
3441.000000 7183.000000
3296.000000 7079.000000
3222.000000 6992.000000
3268.000000 6938.000000
3329.000000 6986.000000
3377.000000 6964.000000
3364.000000 6913.000000
3425.000000 6875.000000
3456.000000 6905.000000
3489.000000 6888.000000
3542.000000 6882.000000
3552.000000 6845.000000
3472.000000 6772.000000
3294.000000 6654.000000
3247.000000 6594.000000
3214.000000 6564.000000
3182.000000 6578.000000
3189.000000 6617.000000
3219.000000 6636.000000
3251.000000 6670.000000
3282.000000 6792.000000
3341.000000 6820.000000
3379.000000 6809.000000
3369.000000 6698.000000
3336.000000 6662.000000
3310.000000 6622.000000
3313.000000 6600.000000
3485.000000 6621.000000
3604.000000 6691.000000
3745.000000 6762.000000
3800.000000 6781.000000
3861.000000 6838.000000
4064.000000 6994.000000
4214.000000 7048.000000
4233.000000 7048.000000
4241.000000 7015.000000
4203.000000 6997.000000
4095.000000 6921.000000
3827.000000 6754.000000
3783.000000 6723.000000
3705.000000 6667.000000
3611.000000 6631.000000
3503.000000 6588.000000
3412.000000 6509.000000
3371.000000 6489.000000
3345.000000 6469.000000
3340.000000 6424.000000
3364.000000 6412.000000
3381.000000 6372.000000
3341.000000 6305.000000
3305.000000 6263.000000
3257.000000 6251.000000
3224.000000 6262.000000
3152.000000 6204.000000
3088.000000 6091.000000
3093.000000 6059.000000
3211.000000 5999.000000
3284.000000 5940.000000
3322.000000 5956.000000
3386.000000 6015.000000
3417.000000 6022.000000
3660.000000 6105.000000
3722.000000 6128.000000
3749.000000 6115.000000
4292.000000 6259.000000
4398.000000 6322.000000
4443.000000 6389.000000
4542.000000 6455.000000
4632.000000 6522.000000
4740.000000 6659.000000
4795.000000 6713.000000
4881.000000 6947.000000
4846.000000 6963.000000
4813.000000 6920.000000
4763.000000 6889.000000
4632.000000 6775.000000
4588.000000 6585.000000
4543.000000 6534.000000
4488.000000 6512.000000
4357.000000 6445.000000
4213.000000 6389.000000
4067.000000 6319.000000
3991.000000 6265.000000
3821.000000 6194.000000
3706.000000 6193.000000
3683.000000 6222.000000
3792.000000 6322.000000
3827.000000 6338.000000
3973.000000 6395.000000
4045.000000 6422.000000
4089.000000 6450.000000
4100.000000 6450.000000
4245.000000 6506.000000
4300.000000 6546.000000
4348.000000 6580.000000
4363.000000 6594.000000
4418.000000 6628.000000
4575.000000 6488.000000
4528.000000 6430.000000
4448.000000 6334.000000
4400.000000 6291.000000
4370.000000 6291.000000
4324.000000 6307.000000
3904.000000 6206.000000
3777.000000 6153.000000
3726.000000 6152.000000
3655.000000 6108.000000
3603.000000 6093.000000
3578.000000 6076.000000
3428.000000 5978.000000
3379.000000 5933.000000
3392.000000 5909.000000
3495.000000 5927.000000
4391.000000 6189.000000
4546.000000 6398.000000
4623.000000 6479.000000
4770.000000 6683.000000
4725.000000 6742.000000
4675.000000 6711.000000
4641.000000 6678.000000
4574.000000 6553.000000
4568.000000 6527.000000
4508.000000 6491.000000
4478.000000 6483.000000
4396.000000 6435.000000
4366.000000 6404.000000
4368.000000 6402.000000
4287.000000 6315.000000
4041.000000 6270.000000
3987.000000 6246.000000
3955.000000 6234.000000
3847.000000 6206.000000
3786.000000 6185.000000
3757.000000 6174.000000
3699.000000 6157.000000
3639.000000 6152.000000
3470.000000 6075.000000
3406.000000 5820.000000
3369.000000 5819.000000
3329.000000 5833.000000
3241.000000 5956.000000
3272.000000 5994.000000
3378.000000 6093.000000
3370.000000 6111.000000
3411.000000 6130.000000
3466.000000 6125.000000
3528.000000 6149.000000
3657.000000 6213.000000
4054.000000 6409.000000
4126.000000 6430.000000
4360.000000 6534.000000
4405.000000 6541.000000
4563.000000 6673.000000
4628.000000 6707.000000
4751.000000 6913.000000
4773.000000 6930.000000
4883.000000 7025.000000
5021.000000 7083.000000
5090.000000 7158.000000
5093.000000 7186.000000
5040.000000 7241.000000
5013.000000 7313.000000
5064.000000 7459.000000
5070.000000 7490.000000
5065.000000 7543.000000
5045.000000 7623.000000
5009.000000 7698.000000
5057.000000 7723.000000
5088.000000 7681.000000
5117.000000 7614.000000
5149.000000 7419.000000
5206.000000 7358.000000
5156.000000 7259.000000
5038.000000 7114.000000
4909.000000 7066.000000
4809.000000 6974.000000
4753.000000 6958.000000
4736.000000 7000.000000
4792.000000 7073.000000
4840.000000 7129.000000
4863.000000 7157.000000
4930.000000 7178.000000
4990.000000 7364.000000
5024.000000 7434.000000
4988.000000 7490.000000
4918.000000 7492.000000
4917.000000 7536.000000
4895.000000 7585.000000
4933.000000 7636.000000
4954.000000 7673.000000
4920.000000 7743.000000
4916.000000 7802.000000
4865.000000 7808.000000
4849.000000 7759.000000
4829.000000 7701.000000
4766.000000 7694.000000
4730.000000 7598.000000
4713.000000 7549.000000
4678.000000 7555.000000
4661.000000 7475.000000
4617.000000 7420.000000
4606.000000 7394.000000
4579.000000 7338.000000
4469.000000 7236.000000
4477.000000 7177.000000
4424.000000 7151.000000
4382.000000 7134.000000
4395.000000 7052.000000
4398.000000 7052.000000
4535.000000 7118.000000
4602.000000 7125.000000
4626.000000 7077.000000
4497.000000 6973.000000
4423.000000 6914.000000
4218.000000 6845.000000
4149.000000 6815.000000
3838.000000 6673.000000
3681.000000 6603.000000
3623.000000 6597.000000
3565.000000 6573.000000
3545.000000 6584.000000
3471.000000 6541.000000
3458.000000 6514.000000
3502.000000 6488.000000
3593.000000 6544.000000
3684.000000 6578.000000
4055.000000 6864.000000
4167.000000 6922.000000
4189.000000 6963.000000
4370.000000 7071.000000
4478.000000 7114.000000
4585.000000 7186.000000
4633.000000 7207.000000
4715.000000 7283.000000
4766.000000 7407.000000
4823.000000 7507.000000
4863.000000 7599.000000
4867.000000 7662.000000
4839.000000 7685.000000
4859.000000 7719.000000
4883.000000 7755.000000
4904.000000 7788.000000
4868.000000 7835.000000
4838.000000 7813.000000
4774.000000 7775.000000
4735.000000 7735.000000
4729.000000 7642.000000
4748.000000 7591.000000
4700.000000 7446.000000
4649.000000 7401.000000
4569.000000 7266.000000
4549.000000 7243.000000
4461.000000 7222.000000
4276.000000 7059.000000
4163.000000 6989.000000
4103.000000 6966.000000
4034.000000 6912.000000
4004.000000 6894.000000
3872.000000 6801.000000
3771.000000 6742.000000
3661.000000 6701.000000
3592.000000 6663.000000
3565.000000 6631.000000
3582.000000 6608.000000
3680.000000 6638.000000
3853.000000 6732.000000
3932.000000 6792.000000
4073.000000 6832.000000
4217.000000 6902.000000
4254.000000 6907.000000
4294.000000 6917.000000
4349.000000 6942.000000
4480.000000 7029.000000
4535.000000 7032.000000
4591.000000 7078.000000
4718.000000 7143.000000
4768.000000 7209.000000
4791.000000 7259.000000
4784.000000 7311.000000
4805.000000 7327.000000
4833.000000 7293.000000
4898.000000 7321.000000
4892.000000 7393.000000
4885.000000 7530.000000
4886.000000 7634.000000
4920.000000 7661.000000
4910.000000 7698.000000
4968.000000 7724.000000
5005.000000 7643.000000
5000.000000 7592.000000
5013.000000 7574.000000
5025.000000 7515.000000
5036.000000 7421.000000
5041.000000 7344.000000
4956.000000 7220.000000
5155.000000 7064.000000
5195.000000 7089.000000
5263.000000 7358.000000
5158.000000 7404.000000
5080.000000 7382.000000
5065.000000 7284.000000
5000.000000 7246.000000
4955.000000 7288.000000
4964.000000 7318.000000
4963.000000 7343.000000
4992.000000 7407.000000
4971.000000 7474.000000
4947.000000 7528.000000
4996.000000 7741.000000
4977.000000 7767.000000
4980.000000 7814.000000
4954.000000 7864.000000
4988.000000 7882.000000
4979.000000 8026.000000
4767.000000 8112.000000
4713.000000 8130.000000
4664.000000 8123.000000
4638.000000 8095.000000
4626.000000 8069.000000
4683.000000 8040.000000
4748.000000 8027.000000
4780.000000 8002.000000
4743.000000 7947.000000
4751.000000 7920.000000
4803.000000 7911.000000
4800.000000 7873.000000
4715.000000 7857.000000
4651.000000 7762.000000
4598.000000 7690.000000
4561.000000 7673.000000
4480.000000 7635.000000
4414.000000 7586.000000
4393.000000 7533.000000
3981.000000 7202.000000
3892.000000 7196.000000
3768.000000 7110.000000
3620.000000 7021.000000
3655.000000 6955.000000
3905.000000 7076.000000
4064.000000 7161.000000
4130.000000 7212.000000
4190.000000 7288.000000
4235.000000 7347.000000
4331.000000 7430.000000
4472.000000 7563.000000
4551.000000 7599.000000
4625.000000 7716.000000
4699.000000 7760.000000
4718.000000 7824.000000
4715.000000 7828.000000
4756.000000 7869.000000
4776.000000 7910.000000
4738.000000 7994.000000
4700.000000 7980.000000
4655.000000 7981.000000
4297.000000 7773.000000
4142.000000 7646.000000
3995.000000 7564.000000
3909.000000 7544.000000
3830.000000 7541.000000
3826.000000 7594.000000
3949.000000 7666.000000
4260.000000 7916.000000
4237.000000 7959.000000
4050.000000 8038.000000
4068.000000 8111.000000
4749.000000 8174.000000
5025.000000 8085.000000
5029.000000 7867.000000
5013.000000 7828.000000
5077.000000 7744.000000
5077.000000 7714.000000
5086.000000 7641.000000
5080.000000 7595.000000
5131.000000 7473.000000
5136.000000 7469.000000
5193.000000 7432.000000
5250.000000 7312.000000
5206.000000 7285.000000
5190.000000 7226.000000
5162.000000 7172.000000
5116.000000 7131.000000
4899.000000 7005.000000
4672.000000 6783.000000
4639.000000 6747.000000
4351.000000 6613.000000
4192.000000 6529.000000
4130.000000 6489.000000
3906.000000 6376.000000
3734.000000 6286.000000
3639.000000 6261.000000
3622.000000 6258.000000
3581.000000 6249.000000
3557.000000 6325.000000
3717.000000 6422.000000
3838.000000 6480.000000
4127.000000 6635.000000
4514.000000 6832.000000
4577.000000 6770.000000
4615.000000 6802.000000
4644.000000 6844.000000
4701.000000 6934.000000
4796.000000 7018.000000
4985.000000 7143.000000
5025.000000 7190.000000
5103.000000 7231.000000
5126.000000 7292.000000
5211.000000 7329.000000
5239.000000 7285.000000
5202.000000 7192.000000
5167.000000 7134.000000
5141.000000 7094.000000
5103.000000 7037.000000
5069.000000 6992.000000
4736.000000 6617.000000
4649.000000 6493.000000
4610.000000 6440.000000
4590.000000 6416.000000
4545.000000 6355.000000
4384.000000 6229.000000
4351.000000 6214.000000
3801.000000 6132.000000
3716.000000 6117.000000
3682.000000 6093.000000
3487.000000 5976.000000
3329.000000 5896.000000
3314.000000 5898.000000
3183.000000 5959.000000
3165.000000 6020.000000
3195.000000 6031.000000
3339.000000 6065.000000
3336.000000 6088.000000
3336.000000 6124.000000
3404.000000 6166.000000
3446.000000 6193.000000
3458.000000 6193.000000
3624.000000 6192.000000
3713.000000 6222.000000
3891.000000 6257.000000
3962.000000 6280.000000
4085.000000 6352.000000
4189.000000 6400.000000
4250.000000 6425.000000
4348.000000 6469.000000
4375.000000 6494.000000
4507.000000 6552.000000
4502.000000 6572.000000
4421.000000 6591.000000
4416.000000 6680.000000
4466.000000 6740.000000
4418.000000 6792.000000
3945.000000 6548.000000
3814.000000 6484.000000
3569.000000 6363.000000
3543.000000 6358.000000
3464.000000 6272.000000
3477.000000 6245.000000
3553.000000 6250.000000
3625.000000 6280.000000
3681.000000 6287.000000
3702.000000 6303.000000
3742.000000 6329.000000
3779.000000 6340.000000
3943.000000 6415.000000
3985.000000 6443.000000
4084.000000 6489.000000
4265.000000 6583.000000
4314.000000 6604.000000
4481.000000 6681.000000
4500.000000 6665.000000
4484.000000 6646.000000
4283.000000 6502.000000
4210.000000 6464.000000
4177.000000 6457.000000
3883.000000 6327.000000
3789.000000 6258.000000
3596.000000 6219.000000
3510.000000 6223.000000
3473.000000 6225.000000
3406.000000 6194.000000
3366.000000 6174.000000
3341.000000 6177.000000
3170.000000 6146.000000
3147.000000 6176.000000
3203.000000 6221.000000
3228.000000 6241.000000
3247.000000 6222.000000
3335.000000 6253.000000
3427.000000 6294.000000
3411.000000 6336.000000
3418.000000 6364.000000
3464.000000 6375.000000
3482.000000 6393.000000
3542.000000 6424.000000
3575.000000 6439.000000
3703.000000 6467.000000
3899.000000 6554.000000
3934.000000 6571.000000
3971.000000 6594.000000
4393.000000 6834.000000
4501.000000 6884.000000
4584.000000 6838.000000
4558.000000 6772.000000
4312.000000 6645.000000
4266.000000 6627.000000
4133.000000 6563.000000
4118.000000 6553.000000
4053.000000 6527.000000
3969.000000 6486.000000
3844.000000 6439.000000
3732.000000 6353.000000
3617.000000 6305.000000
3578.000000 6317.000000
3576.000000 6344.000000
3884.000000 6491.000000
4032.000000 6560.000000
4282.000000 6686.000000
4336.000000 6713.000000
4470.000000 6789.000000
4454.000000 6868.000000
4340.000000 6856.000000
4139.000000 6790.000000
4045.000000 6743.000000
3782.000000 6630.000000
3734.000000 6609.000000
3568.000000 6542.000000
3532.000000 6513.000000
3336.000000 6360.000000
3302.000000 6364.000000
3296.000000 6342.000000
3288.000000 6294.000000
3304.000000 6231.000000
3302.000000 6138.000000
3296.000000 6114.000000
3270.000000 6012.000000
3340.000000 5974.000000
3362.000000 5997.000000
3423.000000 6053.000000
3550.000000 6097.000000
3578.000000 6121.000000
3527.000000 6200.000000
3382.000000 6232.000000
3322.000000 6189.000000
3225.000000 6180.000000
3188.000000 6184.000000
3163.000000 6220.000000
3179.000000 6246.000000
3230.000000 6303.000000
3186.000000 6354.000000
3113.000000 6336.000000
3093.000000 6374.000000
3175.000000 6440.000000
3159.000000 6482.000000
3116.000000 6489.000000
3083.000000 6505.000000
3051.000000 6572.000000
2987.000000 6551.000000
2977.000000 6493.000000
2963.000000 6476.000000
2972.000000 6406.000000
3005.000000 6345.000000
3010.000000 6230.000000
3009.000000 6209.000000
3033.000000 6180.000000
3072.000000 6121.000000
3110.000000 6091.000000
3146.000000 6063.000000
3230.000000 6050.000000
3261.000000 6101.000000
3316.000000 6102.000000
3437.000000 6139.000000
3461.000000 6163.000000
3490.000000 6153.000000
3515.000000 6172.000000
3526.000000 6171.000000
3721.000000 6252.000000
3935.000000 6329.000000
4027.000000 6364.000000
4298.000000 6460.000000
4337.000000 6401.000000
4314.000000 6359.000000
4348.000000 6326.000000
4398.000000 6369.000000
4471.000000 6423.000000
4587.000000 6512.000000
4659.000000 6599.000000
4696.000000 6665.000000
4761.000000 6760.000000
5061.000000 7063.000000
5085.000000 7074.000000
5212.000000 7134.000000
5259.000000 7234.000000
5294.000000 7376.000000
5219.000000 7419.000000
5193.000000 7473.000000
5175.000000 7503.000000
5169.000000 7560.000000
5071.000000 8133.000000
5048.000000 8141.000000
5019.000000 8067.000000
4944.000000 7985.000000
4899.000000 8000.000000
4827.000000 7980.000000
4820.000000 7942.000000
4772.000000 7938.000000
4686.000000 7928.000000
4657.000000 7947.000000
4204.000000 7650.000000
4167.000000 7594.000000
3988.000000 7533.000000
3952.000000 7522.000000
3918.000000 7502.000000
4000.000000 7342.000000
4193.000000 7437.000000
4248.000000 7468.000000
4276.000000 7423.000000
4253.000000 7406.000000
4141.000000 7276.000000
4099.000000 7251.000000
4073.000000 7220.000000
4023.000000 7175.000000
3982.000000 7190.000000
3874.000000 7135.000000
3867.000000 7124.000000
3935.000000 7075.000000
3983.000000 7111.000000
4204.000000 7221.000000
4271.000000 7268.000000
4339.000000 7337.000000
4421.000000 7474.000000
4444.000000 7500.000000
4506.000000 7554.000000
4511.000000 7619.000000
4539.000000 7645.000000
4576.000000 7710.000000
4629.000000 7830.000000
4658.000000 7846.000000
4795.000000 7827.000000
4817.000000 7673.000000
4776.000000 7640.000000
4771.000000 7586.000000
4736.000000 7494.000000
4693.000000 7382.000000
4699.000000 7344.000000
4697.000000 7297.000000
4700.000000 7253.000000
4668.000000 7139.000000
4744.000000 7084.000000
4812.000000 7126.000000
4836.000000 7192.000000
4887.000000 7187.000000
4891.000000 7124.000000
4822.000000 7067.000000
4710.000000 7049.000000
4695.000000 7109.000000
4760.000000 7169.000000
4812.000000 7233.000000
4887.000000 7236.000000
4897.000000 7267.000000
4876.000000 7366.000000
4869.000000 7551.000000
4839.000000 7635.000000
4794.000000 7620.000000
4801.000000 7572.000000
4768.000000 7338.000000
4743.000000 7314.000000
4727.000000 7241.000000
4662.000000 7205.000000
4566.000000 7130.000000
4526.000000 7069.000000
4433.000000 7033.000000
4224.000000 6927.000000
4122.000000 6868.000000
3970.000000 6822.000000
3731.000000 6715.000000
3750.000000 6664.000000
3909.000000 6717.000000
3970.000000 6773.000000
4046.000000 6797.000000
4131.000000 6836.000000
4211.000000 6866.000000
4606.000000 7042.000000
4663.000000 7014.000000
4630.000000 6911.000000
4538.000000 6901.000000
4517.000000 6930.000000
4551.000000 6988.000000
4602.000000 6999.000000
4645.000000 6893.000000
4372.000000 6751.000000
4306.000000 6710.000000
3905.000000 6514.000000
3774.000000 6440.000000
3524.000000 6325.000000
3489.000000 6356.000000
3501.000000 6372.000000
3570.000000 6401.000000
3778.000000 6476.000000
3862.000000 6526.000000
4046.000000 6620.000000
4204.000000 6698.000000
4300.000000 6764.000000
4430.000000 6829.000000
4582.000000 6897.000000
4601.000000 6907.000000
4657.000000 6925.000000
4705.000000 6877.000000
4674.000000 6845.000000
4654.000000 6816.000000
4519.000000 6707.000000
4360.000000 6652.000000
3882.000000 6399.000000
3785.000000 6568.000000
3883.000000 6636.000000
4136.000000 6764.000000
4199.000000 6805.000000
4266.000000 6832.000000
4293.000000 6825.000000
4366.000000 6867.000000
4396.000000 6866.000000
4404.000000 6943.000000
4371.000000 6977.000000
4322.000000 6971.000000
4284.000000 7039.000000
4338.000000 7076.000000
4480.000000 7158.000000
4542.000000 7177.000000
4561.000000 7198.000000
4581.000000 7203.000000
4608.000000 7263.000000
4608.000000 7290.000000
4631.000000 7327.000000
4567.000000 7387.000000
4337.000000 7238.000000
4278.000000 7195.000000
4092.000000 7098.000000
4051.000000 7057.000000
3914.000000 6975.000000
3777.000000 6905.000000
3653.000000 6765.000000
3657.000000 6761.000000
3744.000000 6811.000000
3815.000000 6828.000000
