Tourlänge: 2183.662266
-88.167788 121.352549
-111.471724 100.369591
-129.903811 75.000000
-142.658477 46.352549
-149.178284 15.679269
-149.178284 -15.679269
-142.658477 -46.352549
-129.903811 -75.000000
-111.471724 -100.369591
-88.167788 -121.352549
-61.010496 -137.031819
-31.186754 -146.722140
0.000000 -150.000000
31.186754 -146.722140
61.010496 -137.031819
88.167788 -121.352549
111.471724 -100.369591
129.903811 -75.000000
142.658477 -46.352549
149.178284 -15.679269
149.178284 15.679269
142.658477 46.352549
129.903811 75.000000
111.471724 100.369591
88.167788 121.352549
61.010496 137.031819
31.186754 146.722140
0.000000 150.000000
-31.186754 146.722140
-61.010496 137.031819
-117.557050 161.803399
-148.628965 133.826121
-173.205081 100.000000
-190.211303 61.803399
-198.904379 20.905693
-198.904379 -20.905693
-190.211303 -61.803399
-173.205081 -100.000000
-148.628965 -133.826121
-117.557050 -161.803399
-81.347329 -182.709092
-41.582338 -195.629520
0.000000 -200.000000
41.582338 -195.629520
81.347329 -182.709092
117.557050 -161.803399
148.628965 -133.826121
173.205081 -100.000000
190.211303 -61.803399
198.904379 -20.905693
198.904379 20.905693
190.211303 61.803399
173.205081 100.000000
148.628965 133.826121
117.557050 161.803399
81.347329 182.709092
41.582338 195.629520
0.000000 200.000000
-41.582338 195.629520
-81.347329 182.709092
